#
# There is insufficient memory for the Java Runtime Environment to continue.
# Native memory allocation (malloc) failed to allocate 1743936 bytes for Chunk::new
# Possible reasons:
#   The system is out of physical RAM or swap space
#   In 32 bit mode, the process size limit was hit
# Possible solutions:
#   Reduce memory load on the system
#   Increase physical memory or swap space
#   Check if swap backing store is full
#   Use 64 bit Java on a 64 bit OS
#   Decrease Java heap size (-Xmx/-Xms)
#   Decrease number of Java threads
#   Decrease Java thread stack sizes (-Xss)
#   Set larger code cache with -XX:ReservedCodeCacheSize=
# This output file may be truncated or incomplete.
#
#  Out of Memory Error (allocation.cpp:390), pid=7228, tid=10168
#
# JRE version: Java(TM) SE Runtime Environment (8.0_20-b26) (build 1.8.0_20-b26)
# Java VM: Java HotSpot(TM) 64-Bit Server VM (25.20-b23 mixed mode windows-amd64 compressed oops)
# Failed to write core dump. Minidumps are not enabled by default on client versions of Windows
#

---------------  T H R E A D  ---------------

Current thread (0x00000000078f6000):  JavaThread "C2 CompilerThread2" daemon [_thread_in_native, id=10168, stack(0x0000000008f80000,0x0000000009080000)]

Stack: [0x0000000008f80000,0x0000000009080000]
Native frames: (J=compiled Java code, j=interpreted, Vv=VM code, C=native code)
V  [jvm.dll+0x3152fa]
V  [jvm.dll+0x265d03]
V  [jvm.dll+0x266943]
V  [jvm.dll+0x25e265]
V  [jvm.dll+0xbe255]
V  [jvm.dll+0xbe6fc]
V  [jvm.dll+0x45c472]
V  [jvm.dll+0x49d76f]
V  [jvm.dll+0x451911]
V  [jvm.dll+0x452634]
V  [jvm.dll+0x435fc2]
V  [jvm.dll+0x97b62]
V  [jvm.dll+0x98353]
V  [jvm.dll+0x22aac4]
V  [jvm.dll+0x283f5a]
C  [msvcr100.dll+0x21d9f]
C  [msvcr100.dll+0x21e3b]
C  [kernel32.dll+0x15a4d]
C  [ntdll.dll+0x2b831]


Current CompileTask:
C2:  11317 1564   !   4       com.android.dx.cf.code.Ropper::processBlock (1101 bytes)


---------------  P R O C E S S  ---------------

Java Threads: ( => current thread )
  0x000000000796b000 JavaThread "Service Thread" daemon [_thread_blocked, id=9372, stack(0x00000000096d0000,0x00000000097d0000)]
  0x000000000790f800 JavaThread "C1 CompilerThread3" daemon [_thread_blocked, id=3012, stack(0x0000000009440000,0x0000000009540000)]
=>0x00000000078f6000 JavaThread "C2 CompilerThread2" daemon [_thread_in_native, id=10168, stack(0x0000000008f80000,0x0000000009080000)]
  0x00000000078ef000 JavaThread "C2 CompilerThread1" daemon [_thread_in_native, id=8408, stack(0x00000000091f0000,0x00000000092f0000)]
  0x00000000078e0800 JavaThread "C2 CompilerThread0" daemon [_thread_in_native, id=7492, stack(0x0000000009080000,0x0000000009180000)]
  0x00000000078df000 JavaThread "Attach Listener" daemon [_thread_blocked, id=8340, stack(0x0000000008b00000,0x0000000008c00000)]
  0x00000000078dd000 JavaThread "Signal Dispatcher" daemon [_thread_blocked, id=5960, stack(0x0000000008df0000,0x0000000008ef0000)]
  0x000000000682b000 JavaThread "Finalizer" daemon [_thread_blocked, id=8416, stack(0x0000000008c70000,0x0000000008d70000)]
  0x0000000006824000 JavaThread "Reference Handler" daemon [_thread_blocked, id=5468, stack(0x00000000089b0000,0x0000000008ab0000)]
  0x000000000226e800 JavaThread "main" [_thread_in_Java, id=7988, stack(0x0000000002350000,0x0000000002450000)]

Other Threads:
  0x0000000007893800 VMThread [stack: 0x00000000088b0000,0x00000000089b0000] [id=9904]
  0x000000000796c800 WatcherThread [stack: 0x00000000095d0000,0x00000000096d0000] [id=480]

VM state:not at safepoint (normal execution)

VM Mutex/Monitor currently owned by a thread: None

Heap:
 PSYoungGen      total 36864K, used 35234K [0x00000000eab00000, 0x00000000ef300000, 0x0000000100000000)
  eden space 31744K, 94% used [0x00000000eab00000,0x00000000ec86a9e8,0x00000000eca00000)
  from space 5120K, 99% used [0x00000000eca00000,0x00000000ecefe0a0,0x00000000ecf00000)
  to   space 5120K, 0% used [0x00000000eee00000,0x00000000eee00000,0x00000000ef300000)
 ParOldGen       total 84992K, used 1363K [0x00000000c0000000, 0x00000000c5300000, 0x00000000eab00000)
  object space 84992K, 1% used [0x00000000c0000000,0x00000000c0154eb8,0x00000000c5300000)
 Metaspace       used 5772K, capacity 7024K, committed 7296K, reserved 1056768K
  class space    used 550K, capacity 616K, committed 640K, reserved 1048576K

Card table byte_map: [0x0000000002ae0000,0x0000000002cf0000] byte_map_base: 0x00000000024e0000

Marking Bits: (ParMarkBitMap*) 0x000000005fc6b460
 Begin Bits: [0x0000000003c40000, 0x0000000004c40000)
 End Bits:   [0x0000000004c40000, 0x0000000005c40000)

Polling page: 0x0000000000130000

CodeCache: size=245760Kb used=6606Kb max_used=6612Kb free=239153Kb
 bounds [0x000000000f010000, 0x000000000f690000, 0x000000001e010000]
 total_blobs=1841 nmethods=1581 adapters=174
 compilation: enabled

Compilation events (10 events):
Event: 10.890 Thread 0x00000000078f6000 1564   !   4       com.android.dx.cf.code.Ropper::processBlock (1101 bytes)
Event: 11.266 Thread 0x000000000790f800 1565       3       com.android.dx.util.Hex::u2 (44 bytes)
Event: 11.266 Thread 0x000000000790f800 nmethod 1565 0x000000000f66c210 code [0x000000000f66c3c0, 0x000000000f66ca18]
Event: 11.266 Thread 0x000000000790f800 1568       3       java.util.EnumSet::noneOf (63 bytes)
Event: 11.268 Thread 0x000000000790f800 nmethod 1568 0x000000000f675810 code [0x000000000f675a80, 0x000000000f676a68]
Event: 11.268 Thread 0x000000000790f800 1572       1       com.android.dx.ssa.MoveParamCombiner$1::visitPhiInsn (1 bytes)
Event: 11.268 Thread 0x000000000790f800 nmethod 1572 0x000000000f645d90 code [0x000000000f645ee0, 0x000000000f645ff0]
Event: 11.268 Thread 0x000000000790f800 1569   !   3       java.lang.Class::getEnumConstantsShared (73 bytes)
Event: 11.268 Thread 0x000000000790f800 nmethod 1569 0x000000000f66b2d0 code [0x000000000f66b4c0, 0x000000000f66bea8]
Event: 11.268 Thread 0x000000000790f800 1575       3       java.util.ArrayList$SubList::get (23 bytes)

GC Heap History (2 events):
Event: 4.229 GC heap before
{Heap before GC invocations=1 (full 0):
 PSYoungGen      total 36864K, used 31744K [0x00000000eab00000, 0x00000000ed400000, 0x0000000100000000)
  eden space 31744K, 100% used [0x00000000eab00000,0x00000000eca00000,0x00000000eca00000)
  from space 5120K, 0% used [0x00000000ecf00000,0x00000000ecf00000,0x00000000ed400000)
  to   space 5120K, 0% used [0x00000000eca00000,0x00000000eca00000,0x00000000ecf00000)
 ParOldGen       total 84992K, used 0K [0x00000000c0000000, 0x00000000c5300000, 0x00000000eab00000)
  object space 84992K, 0% used [0x00000000c0000000,0x00000000c0000000,0x00000000c5300000)
 Metaspace       used 5624K, capacity 6896K, committed 7040K, reserved 1056768K
  class space    used 548K, capacity 616K, committed 640K, reserved 1048576K
Event: 8.960 GC heap after
Heap after GC invocations=1 (full 0):
 PSYoungGen      total 36864K, used 5112K [0x00000000eab00000, 0x00000000ef300000, 0x0000000100000000)
  eden space 31744K, 0% used [0x00000000eab00000,0x00000000eab00000,0x00000000eca00000)
  from space 5120K, 99% used [0x00000000eca00000,0x00000000ecefe0a0,0x00000000ecf00000)
  to   space 5120K, 0% used [0x00000000eee00000,0x00000000eee00000,0x00000000ef300000)
 ParOldGen       total 84992K, used 1363K [0x00000000c0000000, 0x00000000c5300000, 0x00000000eab00000)
  object space 84992K, 1% used [0x00000000c0000000,0x00000000c0154eb8,0x00000000c5300000)
 Metaspace       used 5624K, capacity 6896K, committed 7040K, reserved 1056768K
  class space    used 548K, capacity 616K, committed 640K, reserved 1048576K
}

Deoptimization events (10 events):
Event: 1.883 Thread 0x000000000226e800 Uncommon trap: reason=class_check action=maybe_recompile pc=0x000000000f2ab78c method=com.android.dx.ssa.NormalSsaInsn.accept(Lcom/android/dx/ssa/SsaInsn$Visitor;)V @ 9
Event: 1.883 Thread 0x000000000226e800 Uncommon trap: reason=class_check action=maybe_recompile pc=0x000000000f2ab78c method=com.android.dx.ssa.NormalSsaInsn.accept(Lcom/android/dx/ssa/SsaInsn$Visitor;)V @ 9
Event: 3.074 Thread 0x000000000226e800 Uncommon trap: reason=class_check action=maybe_recompile pc=0x000000000f2ab78c method=com.android.dx.ssa.NormalSsaInsn.accept(Lcom/android/dx/ssa/SsaInsn$Visitor;)V @ 9
Event: 3.705 Thread 0x000000000226e800 Uncommon trap: reason=uninitialized action=reinterpret pc=0x000000000f4bc928 method=com.android.dx.cf.code.BytecodeArray.parseInstruction(ILcom/android/dx/cf/code/BytecodeArray$Visitor;)I @ 999
Event: 3.706 Thread 0x000000000226e800 Uncommon trap: reason=class_check action=maybe_recompile pc=0x000000000f2ab78c method=com.android.dx.ssa.NormalSsaInsn.accept(Lcom/android/dx/ssa/SsaInsn$Visitor;)V @ 9
Event: 3.706 Thread 0x000000000226e800 Uncommon trap: reason=class_check action=maybe_recompile pc=0x000000000f227f60 method=com.android.dx.ssa.NormalSsaInsn.accept(Lcom/android/dx/ssa/SsaInsn$Visitor;)V @ 9
Event: 10.375 Thread 0x000000000226e800 Uncommon trap: reason=bimorphic action=maybe_recompile pc=0x000000000f4da368 method=com.android.dx.ssa.LiteralOpUpgrader.tryReplacingWithConstant(Lcom/android/dx/ssa/NormalSsaInsn;)Z @ 52
Event: 10.533 Thread 0x000000000226e800 Uncommon trap: reason=bimorphic action=maybe_recompile pc=0x000000000f4da368 method=com.android.dx.ssa.LiteralOpUpgrader.tryReplacingWithConstant(Lcom/android/dx/ssa/NormalSsaInsn;)Z @ 52
Event: 10.533 Thread 0x000000000226e800 Uncommon trap: reason=unreached action=reinterpret pc=0x000000000f2f9e8c method=com.android.dx.ssa.SsaMethod.updateOneDefinition(Lcom/android/dx/ssa/SsaInsn;Lcom/android/dx/rop/code/RegisterSpec;)V @ 4
Event: 10.749 Thread 0x000000000226e800 Uncommon trap: reason=unreached action=reinterpret pc=0x000000000f5156c4 method=com.android.dx.rop.cst.Constant.compareTo(Lcom/android/dx/rop/cst/Constant;)I @ 12

Internal exceptions (10 events):
Event: 0.664 Thread 0x000000000226e800 Exception <a 'java/security/PrivilegedActionException'> (0x00000000eb3fc438) thrown at [D:\re\workspace\8-2-build-windows-amd64-cygwin\jdk8u20\1074\hotspot\src\share\vm\prims\jvm.cpp, line 1275]
Event: 0.665 Thread 0x000000000226e800 Exception <a 'java/security/PrivilegedActionException'> (0x00000000eb406078) thrown at [D:\re\workspace\8-2-build-windows-amd64-cygwin\jdk8u20\1074\hotspot\src\share\vm\prims\jvm.cpp, line 1275]
Event: 0.698 Thread 0x000000000226e800 Exception <a 'java/security/PrivilegedActionException'> (0x00000000eb40d950) thrown at [D:\re\workspace\8-2-build-windows-amd64-cygwin\jdk8u20\1074\hotspot\src\share\vm\prims\jvm.cpp, line 1275]
Event: 0.744 Thread 0x000000000226e800 Exception <a 'java/security/PrivilegedActionException'> (0x00000000eb44ee10) thrown at [D:\re\workspace\8-2-build-windows-amd64-cygwin\jdk8u20\1074\hotspot\src\share\vm\prims\jvm.cpp, line 1275]
Event: 1.255 Thread 0x000000000226e800 Exception <a 'java/security/PrivilegedActionException'> (0x00000000eb4f0988) thrown at [D:\re\workspace\8-2-build-windows-amd64-cygwin\jdk8u20\1074\hotspot\src\share\vm\prims\jvm.cpp, line 1275]
Event: 2.339 Thread 0x000000000226e800 Exception <a 'java/security/PrivilegedActionException'> (0x00000000ebc23a08) thrown at [D:\re\workspace\8-2-build-windows-amd64-cygwin\jdk8u20\1074\hotspot\src\share\vm\prims\jvm.cpp, line 1275]
Event: 8.971 Thread 0x000000000226e800 Exception <a 'java/security/PrivilegedActionException'> (0x00000000eab46630) thrown at [D:\re\workspace\8-2-build-windows-amd64-cygwin\jdk8u20\1074\hotspot\src\share\vm\prims\jvm.cpp, line 1275]
Event: 8.972 Thread 0x000000000226e800 Exception <a 'java/security/PrivilegedActionException'> (0x00000000eab50518) thrown at [D:\re\workspace\8-2-build-windows-amd64-cygwin\jdk8u20\1074\hotspot\src\share\vm\prims\jvm.cpp, line 1275]
Event: 8.975 Thread 0x000000000226e800 Exception <a 'java/security/PrivilegedActionException'> (0x00000000eab52880) thrown at [D:\re\workspace\8-2-build-windows-amd64-cygwin\jdk8u20\1074\hotspot\src\share\vm\prims\jvm.cpp, line 1275]
Event: 8.984 Thread 0x000000000226e800 Exception <a 'java/security/PrivilegedActionException'> (0x00000000eac49150) thrown at [D:\re\workspace\8-2-build-windows-amd64-cygwin\jdk8u20\1074\hotspot\src\share\vm\prims\jvm.cpp, line 1275]

Events (10 events):
Event: 10.375 Thread 0x000000000226e800 DEOPT UNPACKING pc=0x000000000f05556a sp=0x000000000244ea18 mode 2
Event: 10.533 Thread 0x000000000226e800 Uncommon trap: trap_request=0xffffffc6 fr.pc=0x000000000f4da368
Event: 10.533 Thread 0x000000000226e800 DEOPT PACKING pc=0x000000000f4da368 sp=0x000000000244eb40
Event: 10.533 Thread 0x000000000226e800 DEOPT UNPACKING pc=0x000000000f05556a sp=0x000000000244ea18 mode 2
Event: 10.533 Thread 0x000000000226e800 Uncommon trap: trap_request=0xffffffad fr.pc=0x000000000f2f9e8c
Event: 10.534 Thread 0x000000000226e800 DEOPT PACKING pc=0x000000000f2f9e8c sp=0x000000000244e8f0
Event: 10.534 Thread 0x000000000226e800 DEOPT UNPACKING pc=0x000000000f05556a sp=0x000000000244e898 mode 2
Event: 10.749 Thread 0x000000000226e800 Uncommon trap: trap_request=0xffffffad fr.pc=0x000000000f5156c4
Event: 10.749 Thread 0x000000000226e800 DEOPT PACKING pc=0x000000000f5156c4 sp=0x000000000244e690
Event: 10.749 Thread 0x000000000226e800 DEOPT UNPACKING pc=0x000000000f05556a sp=0x000000000244e630 mode 2


Dynamic libraries:
0x000000013f0e0000 - 0x000000013f114000 	C:\Program Files\Java\jdk1.8.0_20\bin\java.exe
0x00000000776e0000 - 0x0000000077889000 	C:\Windows\SYSTEM32\ntdll.dll
0x00000000774c0000 - 0x00000000775df000 	C:\Windows\system32\kernel32.dll
0x000007fefd4b0000 - 0x000007fefd51c000 	C:\Windows\system32\KERNELBASE.dll
0x000007fefee70000 - 0x000007fefef4b000 	C:\Windows\system32\ADVAPI32.dll
0x000007fefdbe0000 - 0x000007fefdc7f000 	C:\Windows\system32\msvcrt.dll
0x000007feff7c0000 - 0x000007feff7df000 	C:\Windows\SYSTEM32\sechost.dll
0x000007fefecc0000 - 0x000007fefeded000 	C:\Windows\system32\RPCRT4.dll
0x00000000775e0000 - 0x00000000776da000 	C:\Windows\system32\USER32.dll
0x000007fefeb20000 - 0x000007fefeb87000 	C:\Windows\system32\GDI32.dll
0x000007feff4b0000 - 0x000007feff4be000 	C:\Windows\system32\LPK.dll
0x000007fefebf0000 - 0x000007fefecb9000 	C:\Windows\system32\USP10.dll
0x000007fefbb40000 - 0x000007fefbd34000 	C:\Windows\WinSxS\amd64_microsoft.windows.common-controls_6595b64144ccf1df_6.0.7601.18837_none_fa3b1e3d17594757\COMCTL32.dll
0x000007fefedf0000 - 0x000007fefee61000 	C:\Windows\system32\SHLWAPI.dll
0x000007fefdce0000 - 0x000007fefdd0e000 	C:\Windows\system32\IMM32.DLL
0x000007feff030000 - 0x000007feff139000 	C:\Windows\system32\MSCTF.dll
0x000007fefd3c0000 - 0x000007fefd3f1000 	C:\Windows\system32\nvinitx.dll
0x000000000f000000 - 0x000000000f006000 	C:\Program Files\NVIDIA Corporation\CoProcManager\detoured.dll
0x000007fefa350000 - 0x000007fefa382000 	C:\Program Files\NVIDIA Corporation\CoProcManager\nvd3d9wrapx.dll
0x000007feff140000 - 0x000007feff317000 	C:\Windows\system32\SETUPAPI.dll
0x000007fefd800000 - 0x000007fefd836000 	C:\Windows\system32\CFGMGR32.dll
0x000007fefef50000 - 0x000007feff027000 	C:\Windows\system32\OLEAUT32.dll
0x000007feff7e0000 - 0x000007feff9e3000 	C:\Windows\system32\ole32.dll
0x000007fefd580000 - 0x000007fefd59a000 	C:\Windows\system32\DEVOBJ.dll
0x000007fefa320000 - 0x000007fefa342000 	C:\Program Files\NVIDIA Corporation\CoProcManager\nvdxgiwrapx.dll
0x0000000067fa0000 - 0x0000000068072000 	C:\Program Files\Java\jdk1.8.0_20\jre\bin\msvcr100.dll
0x000000005f490000 - 0x000000005fce8000 	C:\Program Files\Java\jdk1.8.0_20\jre\bin\server\jvm.dll
0x000007fef7630000 - 0x000007fef7639000 	C:\Windows\system32\WSOCK32.dll
0x000007fefeba0000 - 0x000007fefebed000 	C:\Windows\system32\WS2_32.dll
0x000007fefeb90000 - 0x000007fefeb98000 	C:\Windows\system32\NSI.dll
0x000007fefab50000 - 0x000007fefab8b000 	C:\Windows\system32\WINMM.dll
0x00000000778a0000 - 0x00000000778a7000 	C:\Windows\system32\PSAPI.DLL
0x00000000736d0000 - 0x00000000736df000 	C:\Program Files\Java\jdk1.8.0_20\jre\bin\verify.dll
0x000000006cc60000 - 0x000000006cc88000 	C:\Program Files\Java\jdk1.8.0_20\jre\bin\java.dll
0x000000006d6f0000 - 0x000000006d706000 	C:\Program Files\Java\jdk1.8.0_20\jre\bin\zip.dll
0x000007fefdd90000 - 0x000007fefeb19000 	C:\Windows\system32\SHELL32.dll
0x00000000001a0000 - 0x00000000001af000 	C:\Windows\system32\profapi.dll
0x000007fef1de0000 - 0x000007fef1f05000 	C:\Windows\system32\dbghelp.dll

VM Arguments:
jvm_args: -Xmx1024M -Dfile.encoding=windows-1252 -Duser.country=CN -Duser.language=zh -Duser.variant 
java_command: com.android.dx.command.Main --dex --output F:\AndriodProject\Platypus-Android\app\build\intermediates\pre-dexed\debug\classes-7aab2cdd0cb130dd569e6e401671b74e1cf3e571.jar F:\AndriodProject\Platypus-Android\app\build\intermediates\exploded-aar\com.google.android.gms\play-services-cast\7.8.0\jars\classes.jar
java_class_path (initial): F:\Andriod SDK\build-tools\22.0.0\lib\dx.jar
Launcher Type: SUN_STANDARD

Environment Variables:
JAVA_HOME=C:\Program Files\Java\jdk1.8.0_60
PATH=e:\mingw\bin;e:\mingw\libexec\gcc\x86_64-pc-mingw32\5.1.0;C:\Program Files (x86)\NVIDIA Corporation\PhysX\Common;C:\ProgramData\Oracle\Java\javapath;C:\Program Files (x86)\Intel\iCLS Client\;C:\Program Files\Intel\iCLS Client\;C:\Windows\system32;C:\Windows;C:\Windows\System32\Wbem;C:\Windows\System32\WindowsPowerShell\v1.0\;C:\Program Files\Intel\Intel(R) Management Engine Components\DAL;C:\Program Files\Intel\Intel(R) Management Engine Components\IPT;C:\Program Files (x86)\Intel\Intel(R) Management Engine Components\DAL;C:\Program Files (x86)\Intel\Intel(R) Management Engine Components\IPT;C:\Program Files (x86)\Intel\OpenCL SDK\3.0\bin\x86;C:\Program Files (x86)\Intel\OpenCL SDK\3.0\bin\x64;C:\Program Files\Lenovo\Fingerprint Manager Pro\;D:\Matlab2013a\runtime\win64;D:\Matlab2013a\bin;C:\Program Files (x86)\Microsoft SQL Server\100\Tools\Binn\;C:\Program Files\Microsoft SQL Server\100\Tools\Binn\;C:\Program Files\Microsoft SQL Server\100\DTS\Binn\;C:\Program Files\Intel\WiFi\bin\;C:\Program Files\Common Files\Intel\WirelessCommon\;E:\OpenCV2.1\bin;C:\Program Files (x86)\PharosSystems\Core;C:\Program Files (x86)\IVI Foundation\VISA\WinNT\Bin;C:\Program Files (x86)\Common Files\ThinPrint\;E:\MiKTEX\miktex\bin\;E:\QuickTime\QTSystem\;C:\Program Files (x86)\Skype\Phone\;C:\Program Files\Intel\WiFi\bin\;C:\Program Files\Common Files\Intel\WirelessCommon\E:\OpenCV\opencv\build\x86\vc10\bin;E:\OpenCV\opencv\build\x64\vc10\bin\;E:\OpenCV2.1\bin\;C:\Program Files\Java\jdk1.8.0_60\bin;C:\gcc\bin
USERNAME=XZS
OS=Windows_NT
PROCESSOR_IDENTIFIER=Intel64 Family 6 Model 60 Stepping 3, GenuineIntel



---------------  S Y S T E M  ---------------

OS: Windows 7 , 64 bit Build 7601 Service Pack 1

CPU:total 8 (4 cores per cpu, 2 threads per core) family 6 model 60 stepping 3, cmov, cx8, fxsr, mmx, sse, sse2, sse3, ssse3, sse4.1, sse4.2, popcnt, avx, avx2, aes, clmul, erms, lzcnt, ht, tsc, tscinvbit, bmi1, bmi2

Memory: 4k page, physical 8068864k(421896k free), swap 10101008k(22528k free)

vm_info: Java HotSpot(TM) 64-Bit Server VM (25.20-b23) for windows-amd64 JRE (1.8.0_20-b26), built on Jul 30 2014 13:51:23 by "java_re" with MS VC++ 10.0 (VS2010)

time: Mon Sep 21 21:14:12 2015
elapsed time: 11 seconds (0d 0h 0m 11s)

